<?xml version="1.0" encoding="UTF-8"?>
<!-- Generated by org.testng.reporters.JUnitXMLReporter -->
<testsuite ignored="0" hostname="Zimyos-MacBook-Air.local" failures="0" tests="2" name="Default test" time="276.152" errors="0" timestamp="2023-06-06T10:29:17 IST">
  <testcase classname="com.hrms.testcases.EmployeesAccessTestCase" name="rolePermiPageVisibilty" time="21.487"/>
  <testcase classname="com.hrms.testcases.EmployeesAccessTestCase" name="rolePermisAllRoleAssignedToSingleEmployee" time="241.639"/>
</testsuite> <!-- Default test -->
