<?xml version="1.0" encoding="UTF-8"?>
<!-- Generated by org.testng.reporters.JUnitXMLReporter -->
<testsuite ignored="0" hostname="zimyo0012" failures="1" tests="1" name="Test" time="38.979" errors="0" timestamp="2023-05-10T18:52:14 IST">
  <testcase classname="com.util.BrowserLaunch" name="@AfterMethod reportWrapUp" time="0.174">
    <failure type="java.lang.AssertionError" message="Error while taking screenshot - java.lang.NullPointerException: Cannot invoke &amp;quot;java.util.logging.Logger.info(String)&amp;quot; because &amp;quot;com.util.BrowserLaunch.logger&amp;quot; is null">
      <![CDATA[java.lang.AssertionError: Error while taking screenshot - java.lang.NullPointerException: Cannot invoke "java.util.logging.Logger.info(String)" because "com.util.BrowserLaunch.logger" is null
at com.util.BrowserLaunch.reportWrapUp(BrowserLaunch.java:204)
at java.base/java.util.ArrayList.forEach(ArrayList.java:1511)
... Removed 33 stack frames]]>
    </failure>
  </testcase> <!-- @AfterMethod reportWrapUp -->
  <testcase classname="com.hrms.testcases.EmployeesDirectoryTestCase" name="employeeDirectoryPageVisible" time="27.447">
    <failure type="java.lang.AssertionError" message="org.openqa.selenium.InvalidElementStateException: invalid element state
  (Session info: chrome=113.0.5672.93)
Build info: version: &amp;apos;4.8.3&amp;apos;, revision: &amp;apos;e5e76298c3&amp;apos;
System info: os.name: &amp;apos;Windows 11&amp;apos;, os.arch: &amp;apos;amd64&amp;apos;, os.version: &amp;apos;10.0&amp;apos;, java.version: &amp;apos;17.0.6&amp;apos;
Driver info: org.openqa.selenium.chrome.ChromeDriver
Command: [7726d215352aecb1134cb64ca1a9226d, clearElement {id=B3B6FB0288F86DEAF01256C5351FCF99_element_55}]
Capabilities {acceptInsecureCerts: false, browserName: chrome, browserVersion: 113.0.5672.93, chrome: {chromedriverVersion: 113.0.5672.63 (0e1a4471d5ae..., userDataDir: C:\Users\amol\AppData\Local...}, goog:chromeOptions: {debuggerAddress: localhost:54456}, networkConnectionEnabled: false, pageLoadStrategy: normal, platformName: WINDOWS, proxy: Proxy(), se:cdp: ws://localhost:54456/devtoo..., se:cdpVersion: 113.0.5672.93, setWindowRect: true, strictFileInteractability: false, timeouts: {implicit: 0, pageLoad: 300000, script: 30000}, unhandledPromptBehavior: dismiss and notify, webauthn:extension:credBlob: true, webauthn:extension:largeBlob: true, webauthn:extension:minPinLength: true, webauthn:extension:prf: true, webauthn:virtualAuthenticators: true}
Element: [[ChromeDriver: chrome on WINDOWS (7726d215352aecb1134cb64ca1a9226d)] -&amp;gt; xpath: //label[contains(text(),&amp;apos;Full Name&amp;apos;)]]
Session ID: 7726d215352aecb1134cb64ca1a9226d">
      <![CDATA[java.lang.AssertionError: org.openqa.selenium.InvalidElementStateException: invalid element state
  (Session info: chrome=113.0.5672.93)
Build info: version: '4.8.3', revision: 'e5e76298c3'
System info: os.name: 'Windows 11', os.arch: 'amd64', os.version: '10.0', java.version: '17.0.6'
Driver info: org.openqa.selenium.chrome.ChromeDriver
Command: [7726d215352aecb1134cb64ca1a9226d, clearElement {id=B3B6FB0288F86DEAF01256C5351FCF99_element_55}]
Capabilities {acceptInsecureCerts: false, browserName: chrome, browserVersion: 113.0.5672.93, chrome: {chromedriverVersion: 113.0.5672.63 (0e1a4471d5ae..., userDataDir: C:\Users\amol\AppData\Local...}, goog:chromeOptions: {debuggerAddress: localhost:54456}, networkConnectionEnabled: false, pageLoadStrategy: normal, platformName: WINDOWS, proxy: Proxy(), se:cdp: ws://localhost:54456/devtoo..., se:cdpVersion: 113.0.5672.93, setWindowRect: true, strictFileInteractability: false, timeouts: {implicit: 0, pageLoad: 300000, script: 30000}, unhandledPromptBehavior: dismiss and notify, webauthn:extension:credBlob: true, webauthn:extension:largeBlob: true, webauthn:extension:minPinLength: true, webauthn:extension:prf: true, webauthn:virtualAuthenticators: true}
Element: [[ChromeDriver: chrome on WINDOWS (7726d215352aecb1134cb64ca1a9226d)] -> xpath: //label[contains(text(),'Full Name')]]
Session ID: 7726d215352aecb1134cb64ca1a9226d
at com.util.WebBasePage.enter(WebBasePage.java:69)
at com.hrms.pageobject.EmployeesDirectoryPageObject.employeeCreationFormFullNameInput(EmployeesDirectoryPageObject.java:266)
at com.hrms.actions.EmployeesDirectoryActions.formOfmanuallyEmployeeCreate(EmployeesDirectoryActions.java:41)
at com.hrms.testcases.EmployeesDirectoryTestCase.employeeDirectoryPageVisible(EmployeesDirectoryTestCase.java:21)
at java.base/java.util.ArrayList.forEach(ArrayList.java:1511)
... Removed 28 stack frames]]>
    </failure>
  </testcase> <!-- employeeDirectoryPageVisible -->
</testsuite> <!-- Test -->
