<?xml version="1.0" encoding="UTF-8"?>
<testng-results ignored="0" total="2" passed="2" failed="0" skipped="0">
  <reporter-output>
  </reporter-output>
  <suite started-at="2023-05-22T02:14:57 IST" name="Suite" finished-at="2023-05-22T02:15:47 IST" duration-ms="49480">
    <groups>
    </groups>
    <test started-at="2023-05-22T02:14:57 IST" name="Test" finished-at="2023-05-22T02:15:47 IST" duration-ms="49480">
      <class name="com.hrms.testcases.EmployeesDirectoryTestCase">
        <test-method is-config="true" signature="browserlaunch()[pri:0, instance:com.hrms.testcases.EmployeesDirectoryTestCase@273e7444]" started-at="2023-05-22T02:14:57 IST" name="browserlaunch" finished-at="2023-05-22T02:15:04 IST" duration-ms="7002" status="PASS">
          <reporter-output>
          </reporter-output>
        </test-method> <!-- browserlaunch -->
        <test-method is-config="true" signature="beforeMethod(java.lang.reflect.Method)[pri:0, instance:com.hrms.testcases.EmployeesDirectoryTestCase@273e7444]" started-at="2023-05-22T02:15:04 IST" name="beforeMethod" finished-at="2023-05-22T02:15:05 IST" duration-ms="188" status="PASS">
          <params>
            <param index="0">
              <value>
                <![CDATA[public void com.hrms.testcases.EmployeesDirectoryTestCase.employeeDirectoryPageVisible()]]>
              </value>
            </param>
          </params>
          <reporter-output>
          </reporter-output>
        </test-method> <!-- beforeMethod -->
        <test-method signature="employeeDirectoryPageVisible()[pri:0, instance:com.hrms.testcases.EmployeesDirectoryTestCase@273e7444]" started-at="2023-05-22T02:15:05 IST" name="employeeDirectoryPageVisible" finished-at="2023-05-22T02:15:25 IST" duration-ms="20114" status="PASS">
          <reporter-output>
          </reporter-output>
        </test-method> <!-- employeeDirectoryPageVisible -->
        <test-method is-config="true" signature="reportWrapUp(org.testng.ITestResult,java.lang.reflect.Method)[pri:0, instance:com.hrms.testcases.EmployeesDirectoryTestCase@273e7444]" started-at="2023-05-22T02:15:25 IST" name="reportWrapUp" finished-at="2023-05-22T02:15:25 IST" duration-ms="0" status="PASS">
          <params>
            <param index="0">
              <value>
                <![CDATA[[TestResult name=employeeDirectoryPageVisible status=SUCCESS method=EmployeesDirectoryTestCase.employeeDirectoryPageVisible()[pri:0, instance:com.hrms.testcases.EmployeesDirectoryTestCase@273e7444] output={null}]]]>
              </value>
            </param>
            <param index="1">
              <value>
                <![CDATA[public void com.hrms.testcases.EmployeesDirectoryTestCase.employeeDirectoryPageVisible()]]>
              </value>
            </param>
          </params>
          <reporter-output>
          </reporter-output>
        </test-method> <!-- reportWrapUp -->
        <test-method signature="employeeDiectoyarrowBthClick()[pri:1, instance:com.hrms.testcases.EmployeesDirectoryTestCase@273e7444]" started-at="2023-05-22T02:15:25 IST" name="employeeDiectoyarrowBthClick" finished-at="2023-05-22T02:15:47 IST" duration-ms="21813" status="PASS">
          <reporter-output>
          </reporter-output>
        </test-method> <!-- employeeDiectoyarrowBthClick -->
        <test-method is-config="true" signature="beforeMethod(java.lang.reflect.Method)[pri:0, instance:com.hrms.testcases.EmployeesDirectoryTestCase@273e7444]" started-at="2023-05-22T02:15:25 IST" name="beforeMethod" finished-at="2023-05-22T02:15:25 IST" duration-ms="0" status="PASS">
          <params>
            <param index="0">
              <value>
                <![CDATA[public void com.hrms.testcases.EmployeesDirectoryTestCase.employeeDiectoyarrowBthClick()]]>
              </value>
            </param>
          </params>
          <reporter-output>
          </reporter-output>
        </test-method> <!-- beforeMethod -->
        <test-method is-config="true" signature="reportWrapUp(org.testng.ITestResult,java.lang.reflect.Method)[pri:0, instance:com.hrms.testcases.EmployeesDirectoryTestCase@273e7444]" started-at="2023-05-22T02:15:47 IST" name="reportWrapUp" finished-at="2023-05-22T02:15:47 IST" duration-ms="0" status="PASS">
          <params>
            <param index="0">
              <value>
                <![CDATA[[TestResult name=employeeDiectoyarrowBthClick status=SUCCESS method=EmployeesDirectoryTestCase.employeeDiectoyarrowBthClick()[pri:1, instance:com.hrms.testcases.EmployeesDirectoryTestCase@273e7444] output={null}]]]>
              </value>
            </param>
            <param index="1">
              <value>
                <![CDATA[public void com.hrms.testcases.EmployeesDirectoryTestCase.employeeDiectoyarrowBthClick()]]>
              </value>
            </param>
          </params>
          <reporter-output>
          </reporter-output>
        </test-method> <!-- reportWrapUp -->
        <test-method is-config="true" signature="driverclose()[pri:0, instance:com.hrms.testcases.EmployeesDirectoryTestCase@273e7444]" started-at="2023-05-22T02:15:47 IST" name="driverclose" finished-at="2023-05-22T02:15:47 IST" duration-ms="320" status="PASS">
          <reporter-output>
          </reporter-output>
        </test-method> <!-- driverclose -->
        <test-method is-config="true" signature="close()[pri:0, instance:com.hrms.testcases.EmployeesDirectoryTestCase@273e7444]" started-at="2023-05-22T02:15:47 IST" name="close" finished-at="2023-05-22T02:15:47 IST" duration-ms="237" status="PASS">
          <reporter-output>
          </reporter-output>
        </test-method> <!-- close -->
      </class> <!-- com.hrms.testcases.EmployeesDirectoryTestCase -->
    </test> <!-- Test -->
  </suite> <!-- Suite -->
</testng-results>
